app/build/intermediates/manifest_merge_blame_file/debug/manifest-merger-blame-debug-report.txt
1<?xml version="1.0" encoding="utf-8"?>
2<manifest xmlns:android="http://schemas.android.com/apk/res/android"
3    package="com.pdftron.completereader"
4    android:versionCode="1"
5    android:versionName="1.0" >
6
7    <uses-sdk
8        android:minSdkVersion="16"
8-->src\main\AndroidManifest.xml
9        android:targetSdkVersion="33" />
9-->src\main\AndroidManifest.xml
10
11    <uses-permission android:name="android.permission.INTERNET" />
11-->src\main\AndroidManifest.xml:5:5-67
11-->src\main\AndroidManifest.xml:5:22-64
12    <uses-permission android:name="android.permission.ACCESS_NETWORK_STATE" />
12-->src\main\AndroidManifest.xml:6:5-79
12-->src\main\AndroidManifest.xml:6:22-76
13    <uses-permission android:name="android.permission.VIBRATE" />
13-->src\main\AndroidManifest.xml:7:5-66
13-->src\main\AndroidManifest.xml:7:22-63
14    <uses-permission android:name="android.permission.RECORD_AUDIO" />
14-->src\main\AndroidManifest.xml:8:5-71
14-->src\main\AndroidManifest.xml:8:22-68
15
16    <application
16-->src\main\AndroidManifest.xml:10:5-51:19
17        android:name="androidx.multidex.MultiDexApplication"
17-->src\main\AndroidManifest.xml:11:9-61
18        android:allowBackup="true"
18-->src\main\AndroidManifest.xml:12:9-35
19        android:appComponentFactory="androidx.core.app.CoreComponentFactory"
19-->[androidx.core:core:1.5.0] AndroidManifest.xml:24:18-86
20        android:debuggable="true"
21        android:icon="@mipmap/ic_launcher"
21-->src\main\AndroidManifest.xml:13:9-43
22        android:label="@string/app_name"
22-->src\main\AndroidManifest.xml:14:9-41
23        android:largeHeap="true"
23-->src\main\AndroidManifest.xml:15:9-33
24        android:requestLegacyExternalStorage="true"
24-->src\main\AndroidManifest.xml:16:9-52
25        android:roundIcon="@mipmap/ic_launcher_round"
25-->src\main\AndroidManifest.xml:17:9-54
26        android:supportsRtl="true"
26-->src\main\AndroidManifest.xml:18:9-35
27        android:testOnly="true"
28        android:theme="@style/AppTheme"
28-->src\main\AndroidManifest.xml:19:9-40
29        android:usesCleartextTraffic="true" >
29-->src\main\AndroidManifest.xml:20:9-44
30        <meta-data
31            android:name="pdftron_license_key"
31-->src\main\AndroidManifest.xml:23:13-47
32            android:value="YOUR_LICENSE_KEY" />
32-->src\main\AndroidManifest.xml:24:13-49
33
34        <activity
34-->src\main\AndroidManifest.xml:26:9-33:20
35            android:name="com.pdftron.completereader.MainActivity"
35-->src\main\AndroidManifest.xml:26:19-47
36            android:exported="true" >
36-->src\main\AndroidManifest.xml:26:48-71
37            <intent-filter>
37-->src\main\AndroidManifest.xml:27:13-31:29
38                <action android:name="android.intent.action.MAIN" />
38-->src\main\AndroidManifest.xml:28:17-69
38-->src\main\AndroidManifest.xml:28:25-66
39
40                <category android:name="android.intent.category.LAUNCHER" />
40-->src\main\AndroidManifest.xml:30:17-77
40-->src\main\AndroidManifest.xml:30:27-74
41            </intent-filter>
42        </activity>
43        <activity
43-->src\main\AndroidManifest.xml:35:9-39:55
44            android:name="com.pdftron.pdf.controls.DiffActivity"
44-->src\main\AndroidManifest.xml:36:13-65
45            android:configChanges="keyboardHidden|orientation|screenSize|screenLayout|smallestScreenSize"
45-->src\main\AndroidManifest.xml:37:13-106
46            android:theme="@style/NewUiAppTheme"
46-->src\main\AndroidManifest.xml:38:13-49
47            android:windowSoftInputMode="adjustPan" />
47-->src\main\AndroidManifest.xml:39:13-52
48        <activity
48-->src\main\AndroidManifest.xml:41:9-45:55
49            android:name="com.pdftron.demo.app.SimpleReaderActivity"
49-->src\main\AndroidManifest.xml:42:13-69
50            android:configChanges="keyboardHidden|orientation|screenSize|screenLayout|smallestScreenSize"
50-->src\main\AndroidManifest.xml:43:13-106
51            android:theme="@style/NewUiAppTheme"
51-->src\main\AndroidManifest.xml:44:13-49
52            android:windowSoftInputMode="adjustPan" />
52-->src\main\AndroidManifest.xml:45:13-52
53        <activity
53-->src\main\AndroidManifest.xml:47:9-50:52
54            android:name="com.pdftron.demo.app.SettingsActivity"
54-->src\main\AndroidManifest.xml:48:13-65
55            android:parentActivityName="com.pdftron.demo.app.AdvancedReaderActivity"
55-->src\main\AndroidManifest.xml:49:13-85
56            android:theme="@style/NewUiAppTheme" />
56-->src\main\AndroidManifest.xml:50:13-49
57
58        <provider
58-->[:pdfnet-demo-utils] AndroidManifest.xml:9:9-12:40
59            android:name="com.pdftron.demo.utils.PDFTronDemoInitializer"
59-->[:pdfnet-demo-utils] AndroidManifest.xml:10:13-73
60            android:authorities="com.pdftron.completereader.pdftron-demo"
60-->[:pdfnet-demo-utils] AndroidManifest.xml:11:13-64
61            android:exported="false" />
61-->[:pdfnet-demo-utils] AndroidManifest.xml:12:13-37
62        <provider
62-->[:pdfnet-demo-utils] AndroidManifest.xml:17:9-25:20
63            android:name="com.pdftron.pdf.utils.ShareProvider"
63-->[:pdfnet-demo-utils] AndroidManifest.xml:18:13-63
64            android:authorities="com.pdftron.completereader.pdftron.fileprovider"
64-->[:pdfnet-demo-utils] AndroidManifest.xml:19:13-72
65            android:exported="false"
65-->[:pdfnet-demo-utils] AndroidManifest.xml:20:13-37
66            android:grantUriPermissions="true" >
66-->[:pdfnet-demo-utils] AndroidManifest.xml:21:13-47
67            <meta-data
67-->[:pdfnet-demo-utils] AndroidManifest.xml:22:13-24:66
68                android:name="android.support.FILE_PROVIDER_PATHS"
68-->[:pdfnet-demo-utils] AndroidManifest.xml:23:17-67
69                android:resource="@xml/pdftron_provider_paths" />
69-->[:pdfnet-demo-utils] AndroidManifest.xml:24:17-63
70        </provider>
71        <provider
71-->[com.squareup.picasso:picasso:2.71828] AndroidManifest.xml:8:9-11:40
72            android:name="com.squareup.picasso.PicassoProvider"
72-->[com.squareup.picasso:picasso:2.71828] AndroidManifest.xml:9:13-64
73            android:authorities="com.pdftron.completereader.com.squareup.picasso"
73-->[com.squareup.picasso:picasso:2.71828] AndroidManifest.xml:10:13-72
74            android:exported="false" />
74-->[com.squareup.picasso:picasso:2.71828] AndroidManifest.xml:11:13-37
75
76        <service
76-->[androidx.room:room-runtime:2.4.3] AndroidManifest.xml:25:9-28:40
77            android:name="androidx.room.MultiInstanceInvalidationService"
77-->[androidx.room:room-runtime:2.4.3] AndroidManifest.xml:26:13-74
78            android:directBootAware="true"
78-->[androidx.room:room-runtime:2.4.3] AndroidManifest.xml:27:13-43
79            android:exported="false" />
79-->[androidx.room:room-runtime:2.4.3] AndroidManifest.xml:28:13-37
80
81        <provider
81-->[androidx.lifecycle:lifecycle-process:2.2.0] AndroidManifest.xml:25:9-29:43
82            android:name="androidx.lifecycle.ProcessLifecycleOwnerInitializer"
82-->[androidx.lifecycle:lifecycle-process:2.2.0] AndroidManifest.xml:26:13-79
83            android:authorities="com.pdftron.completereader.lifecycle-process"
83-->[androidx.lifecycle:lifecycle-process:2.2.0] AndroidManifest.xml:27:13-69
84            android:exported="false"
84-->[androidx.lifecycle:lifecycle-process:2.2.0] AndroidManifest.xml:28:13-37
85            android:multiprocess="true" />
85-->[androidx.lifecycle:lifecycle-process:2.2.0] AndroidManifest.xml:29:13-40
86    </application>
87
88</manifest>